# JRE version: OpenJDK Runtime Environment Microsoft-7208460 (11.0.18+10) (build 11.0.18+10-LTS)
# Java VM: OpenJDK 64-Bit Server VM Microsoft-7208460 (11.0.18+10-LTS, mixed mode, tiered, compressed oops, g1 gc, windows-amd64)
Heap:
 garbage-first heap   total 65536K, used 49923K [0x0000000080000000, 0x0000000100000000)
  region size 1024K, 19 young (19456K), 2 survivors (2048K)
 Metaspace       used 49672K, capacity 51028K, committed 51152K, reserved 561152K
  class space    used 6399K, capacity 6946K, committed 7040K, reserved 516096K
GC Heap History (20 events):
Event: 9.231 GC heap before
{Heap before GC invocations=12 (full 0):
 garbage-first heap   total 65536K, used 40703K [0x0000000080000000, 0x0000000100000000)
  region size 1024K, 22 young (22528K), 3 survivors (3072K)
 Metaspace       used 37246K, capacity 38154K, committed 38224K, reserved 550912K
  class space    used 4746K, capacity 5100K, committed 5120K, reserved 516096K
}
Event: 9.238 GC heap after
{Heap after GC invocations=13 (full 0):
 garbage-first heap   total 65536K, used 25329K [0x0000000080000000, 0x0000000100000000)
  region size 1024K, 3 young (3072K), 3 survivors (3072K)
 Metaspace       used 37246K, capacity 38154K, committed 38224K, reserved 550912K
  class space    used 4746K, capacity 5100K, committed 5120K, reserved 516096K
}
Event: 9.541 GC heap before
{Heap before GC invocations=13 (full 0):
 garbage-first heap   total 65536K, used 44785K [0x0000000080000000, 0x0000000100000000)
  region size 1024K, 22 young (22528K), 3 survivors (3072K)
 Metaspace       used 38622K, capacity 39509K, committed 39760K, reserved 550912K
  class space    used 4938K, capacity 5294K, committed 5376K, reserved 516096K
}
Event: 9.545 GC heap after
{Heap after GC invocations=14 (full 0):
 garbage-first heap   total 65536K, used 26105K [0x0000000080000000, 0x0000000100000000)
  region size 1024K, 2 young (2048K), 2 survivors (2048K)
 Metaspace       used 38622K, capacity 39509K, committed 39760K, reserved 550912K
  class space    used 4938K, capacity 5294K, committed 5376K, reserved 516096K
}
Event: 9.879 GC heap before
{Heap before GC invocations=14 (full 0):
 garbage-first heap   total 65536K, used 48633K [0x0000000080000000, 0x0000000100000000)
  region size 1024K, 21 young (21504K), 2 survivors (2048K)
 Metaspace       used 40061K, capacity 41102K, committed 41168K, reserved 552960K
  class space    used 5039K, capacity 5438K, committed 5504K, reserved 516096K
}
Event: 9.884 GC heap after
{Heap after GC invocations=15 (full 0):
 garbage-first heap   total 65536K, used 27648K [0x0000000080000000, 0x0000000100000000)
  region size 1024K, 3 young (3072K), 3 survivors (3072K)
 Metaspace       used 40061K, capacity 41102K, committed 41168K, reserved 552960K
  class space    used 5039K, capacity 5438K, committed 5504K, reserved 516096K
}
Event: 15.451 GC heap before
{Heap before GC invocations=15 (full 0):
 garbage-first heap   total 65536K, used 47104K [0x0000000080000000, 0x0000000100000000)
  region size 1024K, 22 young (22528K), 3 survivors (3072K)
 Metaspace       used 41027K, capacity 42117K, committed 42320K, reserved 552960K
  class space    used 5175K, capacity 5590K, committed 5632K, reserved 516096K
}
Event: 15.457 GC heap after
{Heap after GC invocations=16 (full 0):
 garbage-first heap   total 65536K, used 29462K [0x0000000080000000, 0x0000000100000000)
  region size 1024K, 2 young (2048K), 2 survivors (2048K)
 Metaspace       used 41027K, capacity 42117K, committed 42320K, reserved 552960K
  class space    used 5175K, capacity 5590K, committed 5632K, reserved 516096K
}
Event: 15.735 GC heap before
{Heap before GC invocations=16 (full 0):
 garbage-first heap   total 65536K, used 48918K [0x0000000080000000, 0x0000000100000000)
  region size 1024K, 21 young (21504K), 2 survivors (2048K)
 Metaspace       used 42118K, capacity 43329K, committed 43600K, reserved 555008K
  class space    used 5345K, capacity 5787K, committed 5888K, reserved 516096K
}
Event: 15.739 GC heap after
{Heap after GC invocations=17 (full 0):
 garbage-first heap   total 65536K, used 30437K [0x0000000080000000, 0x0000000100000000)
  region size 1024K, 1 young (1024K), 1 survivors (1024K)
 Metaspace       used 42118K, capacity 43329K, committed 43600K, reserved 555008K
  class space    used 5345K, capacity 5787K, committed 5888K, reserved 516096K
}
Event: 15.912 GC heap before
{Heap before GC invocations=17 (full 0):
 garbage-first heap   total 65536K, used 38629K [0x0000000080000000, 0x0000000100000000)
  region size 1024K, 11 young (11264K), 1 survivors (1024K)
 Metaspace       used 42519K, capacity 43707K, committed 43856K, reserved 555008K
  class space    used 5386K, capacity 5828K, committed 5888K, reserved 516096K
}
Event: 15.916 GC heap after
{Heap after GC invocations=18 (full 0):
 garbage-first heap   total 65536K, used 31349K [0x0000000080000000, 0x0000000100000000)
  region size 1024K, 2 young (2048K), 2 survivors (2048K)
 Metaspace       used 42519K, capacity 43707K, committed 43856K, reserved 555008K
  class space    used 5386K, capacity 5828K, committed 5888K, reserved 516096K
}
Event: 16.274 GC heap before
{Heap before GC invocations=19 (full 0):
 garbage-first heap   total 65536K, used 48757K [0x0000000080000000, 0x0000000100000000)
  region size 1024K, 18 young (18432K), 2 survivors (2048K)
 Metaspace       used 44524K, capacity 45711K, committed 45904K, reserved 557056K
  class space    used 5634K, capacity 6112K, committed 6144K, reserved 516096K
}
Event: 16.281 GC heap after
{Heap after GC invocations=20 (full 0):
 garbage-first heap   total 65536K, used 31626K [0x0000000080000000, 0x0000000100000000)
  region size 1024K, 2 young (2048K), 2 survivors (2048K)
 Metaspace       used 44524K, capacity 45711K, committed 45904K, reserved 557056K
  class space    used 5634K, capacity 6112K, committed 6144K, reserved 516096K
}
Event: 16.692 GC heap before
{Heap before GC invocations=20 (full 0):
 garbage-first heap   total 65536K, used 48010K [0x0000000080000000, 0x0000000100000000)
  region size 1024K, 18 young (18432K), 2 survivors (2048K)
 Metaspace       used 45683K, capacity 46991K, committed 47184K, reserved 557056K
  class space    used 5814K, capacity 6304K, committed 6400K, reserved 516096K
}
Event: 16.700 GC heap after
{Heap after GC invocations=21 (full 0):
 garbage-first heap   total 65536K, used 32248K [0x0000000080000000, 0x0000000100000000)
  region size 1024K, 3 young (3072K), 3 survivors (3072K)
 Metaspace       used 45683K, capacity 46991K, committed 47184K, reserved 557056K
  class space    used 5814K, capacity 6304K, committed 6400K, reserved 516096K
}
Event: 17.150 GC heap before
{Heap before GC invocations=22 (full 0):
 garbage-first heap   total 65536K, used 47608K [0x0000000080000000, 0x0000000100000000)
  region size 1024K, 19 young (19456K), 3 survivors (3072K)
 Metaspace       used 47168K, capacity 48358K, committed 48720K, reserved 559104K
  class space    used 6065K, capacity 6547K, committed 6656K, reserved 516096K
}
Event: 17.163 GC heap after
{Heap after GC invocations=23 (full 0):
 garbage-first heap   total 65536K, used 32853K [0x0000000080000000, 0x0000000100000000)
  region size 1024K, 3 young (3072K), 3 survivors (3072K)
 Metaspace       used 47168K, capacity 48358K, committed 48720K, reserved 559104K
  class space    used 6065K, capacity 6547K, committed 6656K, reserved 516096K
}
Event: 17.922 GC heap before
{Heap before GC invocations=23 (full 0):
 garbage-first heap   total 65536K, used 49237K [0x0000000080000000, 0x0000000100000000)
  region size 1024K, 20 young (20480K), 3 survivors (3072K)
 Metaspace       used 48343K, capacity 49723K, committed 49872K, reserved 561152K
  class space    used 6227K, capacity 6766K, committed 6784K, reserved 516096K
}
Event: 17.929 GC heap after
{Heap after GC invocations=24 (full 0):
 garbage-first heap   total 65536K, used 33539K [0x0000000080000000, 0x0000000100000000)
  region size 1024K, 2 young (2048K), 2 survivors (2048K)
 Metaspace       used 48343K, capacity 49723K, committed 49872K, reserved 561152K
  class space    used 6227K, capacity 6766K, committed 6784K, reserved 516096K
}

